[B1 coupling] pair=P000_A05_substitute__to__C05_copy_then_substitute_05_07 A05_substitute -> C05_copy_then_substitute_05_07 multiplier=0 seed=0
[B1 coupling] pair=P000_A05_substitute__to__C05_copy_then_substitute_05_07 A05_substitute -> C05_copy_then_substitute_05_07 multiplier=0 seed=1
[B1 coupling] pair=P000_A05_substitute__to__C05_copy_then_substitute_05_07 A05_substitute -> C05_copy_then_substitute_05_07 multiplier=0 seed=2
[B1 coupling] pair=P000_A05_substitute__to__C05_copy_then_substitute_05_07 A05_substitute -> C05_copy_then_substitute_05_07 multiplier=0.5 seed=0
[B1 coupling] pair=P000_A05_substitute__to__C05_copy_then_substitute_05_07 A05_substitute -> C05_copy_then_substitute_05_07 multiplier=0.5 seed=1
[B1 coupling] pair=P000_A05_substitute__to__C05_copy_then_substitute_05_07 A05_substitute -> C05_copy_then_substitute_05_07 multiplier=0.5 seed=2
[B1 coupling] pair=P000_A05_substitute__to__C05_copy_then_substitute_05_07 A05_substitute -> C05_copy_then_substitute_05_07 multiplier=1 seed=0
[B1 coupling] pair=P000_A05_substitute__to__C05_copy_then_substitute_05_07 A05_substitute -> C05_copy_then_substitute_05_07 multiplier=1 seed=1
[B1 coupling] pair=P000_A05_substitute__to__C05_copy_then_substitute_05_07 A05_substitute -> C05_copy_then_substitute_05_07 multiplier=1 seed=2
[B1 coupling] pair=P000_A05_substitute__to__C05_copy_then_substitute_05_07 A05_substitute -> C05_copy_then_substitute_05_07 multiplier=2 seed=0
[B1 coupling] pair=P000_A05_substitute__to__C05_copy_then_substitute_05_07 A05_substitute -> C05_copy_then_substitute_05_07 multiplier=2 seed=1
[B1 coupling] pair=P000_A05_substitute__to__C05_copy_then_substitute_05_07 A05_substitute -> C05_copy_then_substitute_05_07 multiplier=2 seed=2
[B1 coupling] pair=P001_C03_reverse_then_substitute_01_06__to__A06_copy C03_reverse_then_substitute_01_06 -> A06_copy multiplier=0 seed=0
[B1 coupling] pair=P001_C03_reverse_then_substitute_01_06__to__A06_copy C03_reverse_then_substitute_01_06 -> A06_copy multiplier=0 seed=1
[B1 coupling] pair=P001_C03_reverse_then_substitute_01_06__to__A06_copy C03_reverse_then_substitute_01_06 -> A06_copy multiplier=0 seed=2
[B1 coupling] pair=P001_C03_reverse_then_substitute_01_06__to__A06_copy C03_reverse_then_substitute_01_06 -> A06_copy multiplier=0.5 seed=0
[B1 coupling] pair=P001_C03_reverse_then_substitute_01_06__to__A06_copy C03_reverse_then_substitute_01_06 -> A06_copy multiplier=0.5 seed=1
[B1 coupling] pair=P001_C03_reverse_then_substitute_01_06__to__A06_copy C03_reverse_then_substitute_01_06 -> A06_copy multiplier=0.5 seed=2
[B1 coupling] pair=P001_C03_reverse_then_substitute_01_06__to__A06_copy C03_reverse_then_substitute_01_06 -> A06_copy multiplier=1 seed=0
[B1 coupling] pair=P001_C03_reverse_then_substitute_01_06__to__A06_copy C03_reverse_then_substitute_01_06 -> A06_copy multiplier=1 seed=1
[B1 coupling] pair=P001_C03_reverse_then_substitute_01_06__to__A06_copy C03_reverse_then_substitute_01_06 -> A06_copy multiplier=1 seed=2
[B1 coupling] pair=P001_C03_reverse_then_substitute_01_06__to__A06_copy C03_reverse_then_substitute_01_06 -> A06_copy multiplier=2 seed=0
[B1 coupling] pair=P001_C03_reverse_then_substitute_01_06__to__A06_copy C03_reverse_then_substitute_01_06 -> A06_copy multiplier=2 seed=1
[B1 coupling] pair=P001_C03_reverse_then_substitute_01_06__to__A06_copy C03_reverse_then_substitute_01_06 -> A06_copy multiplier=2 seed=2
[B1 coupling] pair=P002_U00_unrelated_substitute__to__A02_substitute U00_unrelated_substitute -> A02_substitute multiplier=0 seed=0
[B1 coupling] pair=P002_U00_unrelated_substitute__to__A02_substitute U00_unrelated_substitute -> A02_substitute multiplier=0 seed=1
[B1 coupling] pair=P002_U00_unrelated_substitute__to__A02_substitute U00_unrelated_substitute -> A02_substitute multiplier=0 seed=2
[B1 coupling] pair=P002_U00_unrelated_substitute__to__A02_substitute U00_unrelated_substitute -> A02_substitute multiplier=0.5 seed=0
[B1 coupling] pair=P002_U00_unrelated_substitute__to__A02_substitute U00_unrelated_substitute -> A02_substitute multiplier=0.5 seed=1
[B1 coupling] pair=P002_U00_unrelated_substitute__to__A02_substitute U00_unrelated_substitute -> A02_substitute multiplier=0.5 seed=2
[B1 coupling] pair=P002_U00_unrelated_substitute__to__A02_substitute U00_unrelated_substitute -> A02_substitute multiplier=1 seed=0
[B1 coupling] pair=P002_U00_unrelated_substitute__to__A02_substitute U00_unrelated_substitute -> A02_substitute multiplier=1 seed=1
[B1 coupling] pair=P002_U00_unrelated_substitute__to__A02_substitute U00_unrelated_substitute -> A02_substitute multiplier=1 seed=2
[B1 coupling] pair=P002_U00_unrelated_substitute__to__A02_substitute U00_unrelated_substitute -> A02_substitute multiplier=2 seed=0
[B1 coupling] pair=P002_U00_unrelated_substitute__to__A02_substitute U00_unrelated_substitute -> A02_substitute multiplier=2 seed=1
[B1 coupling] pair=P002_U00_unrelated_substitute__to__A02_substitute U00_unrelated_substitute -> A02_substitute multiplier=2 seed=2
[B1 coupling] pair=P003_A06_copy__to__A00_copy A06_copy -> A00_copy multiplier=0 seed=0
[B1 coupling] pair=P003_A06_copy__to__A00_copy A06_copy -> A00_copy multiplier=0 seed=1
[B1 coupling] pair=P003_A06_copy__to__A00_copy A06_copy -> A00_copy multiplier=0 seed=2
[B1 coupling] pair=P003_A06_copy__to__A00_copy A06_copy -> A00_copy multiplier=0.5 seed=0
[B1 coupling] pair=P003_A06_copy__to__A00_copy A06_copy -> A00_copy multiplier=0.5 seed=1
[B1 coupling] pair=P003_A06_copy__to__A00_copy A06_copy -> A00_copy multiplier=0.5 seed=2
[B1 coupling] pair=P003_A06_copy__to__A00_copy A06_copy -> A00_copy multiplier=1 seed=0
[B1 coupling] pair=P003_A06_copy__to__A00_copy A06_copy -> A00_copy multiplier=1 seed=1
[B1 coupling] pair=P003_A06_copy__to__A00_copy A06_copy -> A00_copy multiplier=1 seed=2
[B1 coupling] pair=P003_A06_copy__to__A00_copy A06_copy -> A00_copy multiplier=2 seed=0
[B1 coupling] pair=P003_A06_copy__to__A00_copy A06_copy -> A00_copy multiplier=2 seed=1
[B1 coupling] pair=P003_A06_copy__to__A00_copy A06_copy -> A00_copy multiplier=2 seed=2
[B1 coupling] pair=P004_A00_copy__to__A06_copy A00_copy -> A06_copy multiplier=0 seed=0
[B1 coupling] pair=P004_A00_copy__to__A06_copy A00_copy -> A06_copy multiplier=0 seed=1
[B1 coupling] pair=P004_A00_copy__to__A06_copy A00_copy -> A06_copy multiplier=0 seed=2
[B1 coupling] pair=P004_A00_copy__to__A06_copy A00_copy -> A06_copy multiplier=0.5 seed=0
[B1 coupling] pair=P004_A00_copy__to__A06_copy A00_copy -> A06_copy multiplier=0.5 seed=1
[B1 coupling] pair=P004_A00_copy__to__A06_copy A00_copy -> A06_copy multiplier=0.5 seed=2
[B1 coupling] pair=P004_A00_copy__to__A06_copy A00_copy -> A06_copy multiplier=1 seed=0
[B1 coupling] pair=P004_A00_copy__to__A06_copy A00_copy -> A06_copy multiplier=1 seed=1
[B1 coupling] pair=P004_A00_copy__to__A06_copy A00_copy -> A06_copy multiplier=1 seed=2
[B1 coupling] pair=P004_A00_copy__to__A06_copy A00_copy -> A06_copy multiplier=2 seed=0
[B1 coupling] pair=P004_A00_copy__to__A06_copy A00_copy -> A06_copy multiplier=2 seed=1
[B1 coupling] pair=P004_A00_copy__to__A06_copy A00_copy -> A06_copy multiplier=2 seed=2
[B1 coupling] pair=P005_U02_unrelated_substitute__to__S00_surface_rotate U02_unrelated_substitute -> S00_surface_rotate multiplier=0 seed=0
[B1 coupling] pair=P005_U02_unrelated_substitute__to__S00_surface_rotate U02_unrelated_substitute -> S00_surface_rotate multiplier=0 seed=1
[B1 coupling] pair=P005_U02_unrelated_substitute__to__S00_surface_rotate U02_unrelated_substitute -> S00_surface_rotate multiplier=0 seed=2
[B1 coupling] pair=P005_U02_unrelated_substitute__to__S00_surface_rotate U02_unrelated_substitute -> S00_surface_rotate multiplier=0.5 seed=0
[B1 coupling] pair=P005_U02_unrelated_substitute__to__S00_surface_rotate U02_unrelated_substitute -> S00_surface_rotate multiplier=0.5 seed=1
[B1 coupling] pair=P005_U02_unrelated_substitute__to__S00_surface_rotate U02_unrelated_substitute -> S00_surface_rotate multiplier=0.5 seed=2
[B1 coupling] pair=P005_U02_unrelated_substitute__to__S00_surface_rotate U02_unrelated_substitute -> S00_surface_rotate multiplier=1 seed=0
[B1 coupling] pair=P005_U02_unrelated_substitute__to__S00_surface_rotate U02_unrelated_substitute -> S00_surface_rotate multiplier=1 seed=1
[B1 coupling] pair=P005_U02_unrelated_substitute__to__S00_surface_rotate U02_unrelated_substitute -> S00_surface_rotate multiplier=1 seed=2
[B1 coupling] pair=P005_U02_unrelated_substitute__to__S00_surface_rotate U02_unrelated_substitute -> S00_surface_rotate multiplier=2 seed=0
[B1 coupling] pair=P005_U02_unrelated_substitute__to__S00_surface_rotate U02_unrelated_substitute -> S00_surface_rotate multiplier=2 seed=1
[B1 coupling] pair=P005_U02_unrelated_substitute__to__S00_surface_rotate U02_unrelated_substitute -> S00_surface_rotate multiplier=2 seed=2
[B1 coupling] pair=P006_A01_reverse__to__C00_reverse_then_substitute_01_06 A01_reverse -> C00_reverse_then_substitute_01_06 multiplier=0 seed=0
[B1 coupling] pair=P006_A01_reverse__to__C00_reverse_then_substitute_01_06 A01_reverse -> C00_reverse_then_substitute_01_06 multiplier=0 seed=1
[B1 coupling] pair=P006_A01_reverse__to__C00_reverse_then_substitute_01_06 A01_reverse -> C00_reverse_then_substitute_01_06 multiplier=0 seed=2
[B1 coupling] pair=P006_A01_reverse__to__C00_reverse_then_substitute_01_06 A01_reverse -> C00_reverse_then_substitute_01_06 multiplier=0.5 seed=0
[B1 coupling] pair=P006_A01_reverse__to__C00_reverse_then_substitute_01_06 A01_reverse -> C00_reverse_then_substitute_01_06 multiplier=0.5 seed=1
[B1 coupling] pair=P006_A01_reverse__to__C00_reverse_then_substitute_01_06 A01_reverse -> C00_reverse_then_substitute_01_06 multiplier=0.5 seed=2
[B1 coupling] pair=P006_A01_reverse__to__C00_reverse_then_substitute_01_06 A01_reverse -> C00_reverse_then_substitute_01_06 multiplier=1 seed=0
[B1 coupling] pair=P006_A01_reverse__to__C00_reverse_then_substitute_01_06 A01_reverse -> C00_reverse_then_substitute_01_06 multiplier=1 seed=1
[B1 coupling] pair=P006_A01_reverse__to__C00_reverse_then_substitute_01_06 A01_reverse -> C00_reverse_then_substitute_01_06 multiplier=1 seed=2
[B1 coupling] pair=P006_A01_reverse__to__C00_reverse_then_substitute_01_06 A01_reverse -> C00_reverse_then_substitute_01_06 multiplier=2 seed=0
[B1 coupling] pair=P006_A01_reverse__to__C00_reverse_then_substitute_01_06 A01_reverse -> C00_reverse_then_substitute_01_06 multiplier=2 seed=1
[B1 coupling] pair=P006_A01_reverse__to__C00_reverse_then_substitute_01_06 A01_reverse -> C00_reverse_then_substitute_01_06 multiplier=2 seed=2
[B1 coupling] pair=P007_C00_reverse_then_substitute_01_06__to__A01_reverse C00_reverse_then_substitute_01_06 -> A01_reverse multiplier=0 seed=0
[B1 coupling] pair=P007_C00_reverse_then_substitute_01_06__to__A01_reverse C00_reverse_then_substitute_01_06 -> A01_reverse multiplier=0 seed=1
[B1 coupling] pair=P007_C00_reverse_then_substitute_01_06__to__A01_reverse C00_reverse_then_substitute_01_06 -> A01_reverse multiplier=0 seed=2
[B1 coupling] pair=P007_C00_reverse_then_substitute_01_06__to__A01_reverse C00_reverse_then_substitute_01_06 -> A01_reverse multiplier=0.5 seed=0
[B1 coupling] pair=P007_C00_reverse_then_substitute_01_06__to__A01_reverse C00_reverse_then_substitute_01_06 -> A01_reverse multiplier=0.5 seed=1
[B1 coupling] pair=P007_C00_reverse_then_substitute_01_06__to__A01_reverse C00_reverse_then_substitute_01_06 -> A01_reverse multiplier=0.5 seed=2
[B1 coupling] pair=P007_C00_reverse_then_substitute_01_06__to__A01_reverse C00_reverse_then_substitute_01_06 -> A01_reverse multiplier=1 seed=0
[B1 coupling] pair=P007_C00_reverse_then_substitute_01_06__to__A01_reverse C00_reverse_then_substitute_01_06 -> A01_reverse multiplier=1 seed=1
[B1 coupling] pair=P007_C00_reverse_then_substitute_01_06__to__A01_reverse C00_reverse_then_substitute_01_06 -> A01_reverse multiplier=1 seed=2
[B1 coupling] pair=P007_C00_reverse_then_substitute_01_06__to__A01_reverse C00_reverse_then_substitute_01_06 -> A01_reverse multiplier=2 seed=0
[B1 coupling] pair=P007_C00_reverse_then_substitute_01_06__to__A01_reverse C00_reverse_then_substitute_01_06 -> A01_reverse multiplier=2 seed=1
[B1 coupling] pair=P007_C00_reverse_then_substitute_01_06__to__A01_reverse C00_reverse_then_substitute_01_06 -> A01_reverse multiplier=2 seed=2
[B1 coupling] pair=P008_S00_surface_rotate__to__A04_reverse S00_surface_rotate -> A04_reverse multiplier=0 seed=0
[B1 coupling] pair=P008_S00_surface_rotate__to__A04_reverse S00_surface_rotate -> A04_reverse multiplier=0 seed=1
[B1 coupling] pair=P008_S00_surface_rotate__to__A04_reverse S00_surface_rotate -> A04_reverse multiplier=0 seed=2
[B1 coupling] pair=P008_S00_surface_rotate__to__A04_reverse S00_surface_rotate -> A04_reverse multiplier=0.5 seed=0
[B1 coupling] pair=P008_S00_surface_rotate__to__A04_reverse S00_surface_rotate -> A04_reverse multiplier=0.5 seed=1
[B1 coupling] pair=P008_S00_surface_rotate__to__A04_reverse S00_surface_rotate -> A04_reverse multiplier=0.5 seed=2
[B1 coupling] pair=P008_S00_surface_rotate__to__A04_reverse S00_surface_rotate -> A04_reverse multiplier=1 seed=0
[B1 coupling] pair=P008_S00_surface_rotate__to__A04_reverse S00_surface_rotate -> A04_reverse multiplier=1 seed=1
[B1 coupling] pair=P008_S00_surface_rotate__to__A04_reverse S00_surface_rotate -> A04_reverse multiplier=1 seed=2
[B1 coupling] pair=P008_S00_surface_rotate__to__A04_reverse S00_surface_rotate -> A04_reverse multiplier=2 seed=0
[B1 coupling] pair=P008_S00_surface_rotate__to__A04_reverse S00_surface_rotate -> A04_reverse multiplier=2 seed=1
[B1 coupling] pair=P008_S00_surface_rotate__to__A04_reverse S00_surface_rotate -> A04_reverse multiplier=2 seed=2
[B1 coupling] pair=P009_A07_reverse__to__A04_reverse A07_reverse -> A04_reverse multiplier=0 seed=0
[B1 coupling] pair=P009_A07_reverse__to__A04_reverse A07_reverse -> A04_reverse multiplier=0 seed=1
[B1 coupling] pair=P009_A07_reverse__to__A04_reverse A07_reverse -> A04_reverse multiplier=0 seed=2
[B1 coupling] pair=P009_A07_reverse__to__A04_reverse A07_reverse -> A04_reverse multiplier=0.5 seed=0
[B1 coupling] pair=P009_A07_reverse__to__A04_reverse A07_reverse -> A04_reverse multiplier=0.5 seed=1
[B1 coupling] pair=P009_A07_reverse__to__A04_reverse A07_reverse -> A04_reverse multiplier=0.5 seed=2
[B1 coupling] pair=P009_A07_reverse__to__A04_reverse A07_reverse -> A04_reverse multiplier=1 seed=0
[B1 coupling] pair=P009_A07_reverse__to__A04_reverse A07_reverse -> A04_reverse multiplier=1 seed=1
[B1 coupling] pair=P009_A07_reverse__to__A04_reverse A07_reverse -> A04_reverse multiplier=1 seed=2
[B1 coupling] pair=P009_A07_reverse__to__A04_reverse A07_reverse -> A04_reverse multiplier=2 seed=0
[B1 coupling] pair=P009_A07_reverse__to__A04_reverse A07_reverse -> A04_reverse multiplier=2 seed=1
[B1 coupling] pair=P009_A07_reverse__to__A04_reverse A07_reverse -> A04_reverse multiplier=2 seed=2
[B1 coupling] pair=P010_A05_substitute__to__A02_substitute A05_substitute -> A02_substitute multiplier=0 seed=0
[B1 coupling] pair=P010_A05_substitute__to__A02_substitute A05_substitute -> A02_substitute multiplier=0 seed=1
[B1 coupling] pair=P010_A05_substitute__to__A02_substitute A05_substitute -> A02_substitute multiplier=0 seed=2
[B1 coupling] pair=P010_A05_substitute__to__A02_substitute A05_substitute -> A02_substitute multiplier=0.5 seed=0
[B1 coupling] pair=P010_A05_substitute__to__A02_substitute A05_substitute -> A02_substitute multiplier=0.5 seed=1
[B1 coupling] pair=P010_A05_substitute__to__A02_substitute A05_substitute -> A02_substitute multiplier=0.5 seed=2
[B1 coupling] pair=P010_A05_substitute__to__A02_substitute A05_substitute -> A02_substitute multiplier=1 seed=0
[B1 coupling] pair=P010_A05_substitute__to__A02_substitute A05_substitute -> A02_substitute multiplier=1 seed=1
[B1 coupling] pair=P010_A05_substitute__to__A02_substitute A05_substitute -> A02_substitute multiplier=1 seed=2
[B1 coupling] pair=P010_A05_substitute__to__A02_substitute A05_substitute -> A02_substitute multiplier=2 seed=0
[B1 coupling] pair=P010_A05_substitute__to__A02_substitute A05_substitute -> A02_substitute multiplier=2 seed=1
[B1 coupling] pair=P010_A05_substitute__to__A02_substitute A05_substitute -> A02_substitute multiplier=2 seed=2
[B1 coupling] pair=P011_A06_copy__to__C03_reverse_then_substitute_01_06 A06_copy -> C03_reverse_then_substitute_01_06 multiplier=0 seed=0
[B1 coupling] pair=P011_A06_copy__to__C03_reverse_then_substitute_01_06 A06_copy -> C03_reverse_then_substitute_01_06 multiplier=0 seed=1
[B1 coupling] pair=P011_A06_copy__to__C03_reverse_then_substitute_01_06 A06_copy -> C03_reverse_then_substitute_01_06 multiplier=0 seed=2
[B1 coupling] pair=P011_A06_copy__to__C03_reverse_then_substitute_01_06 A06_copy -> C03_reverse_then_substitute_01_06 multiplier=0.5 seed=0
[B1 coupling] pair=P011_A06_copy__to__C03_reverse_then_substitute_01_06 A06_copy -> C03_reverse_then_substitute_01_06 multiplier=0.5 seed=1
[B1 coupling] pair=P011_A06_copy__to__C03_reverse_then_substitute_01_06 A06_copy -> C03_reverse_then_substitute_01_06 multiplier=0.5 seed=2
[B1 coupling] pair=P011_A06_copy__to__C03_reverse_then_substitute_01_06 A06_copy -> C03_reverse_then_substitute_01_06 multiplier=1 seed=0
[B1 coupling] pair=P011_A06_copy__to__C03_reverse_then_substitute_01_06 A06_copy -> C03_reverse_then_substitute_01_06 multiplier=1 seed=1
[B1 coupling] pair=P011_A06_copy__to__C03_reverse_then_substitute_01_06 A06_copy -> C03_reverse_then_substitute_01_06 multiplier=1 seed=2
[B1 coupling] pair=P011_A06_copy__to__C03_reverse_then_substitute_01_06 A06_copy -> C03_reverse_then_substitute_01_06 multiplier=2 seed=0
[B1 coupling] pair=P011_A06_copy__to__C03_reverse_then_substitute_01_06 A06_copy -> C03_reverse_then_substitute_01_06 multiplier=2 seed=1
[B1 coupling] pair=P011_A06_copy__to__C03_reverse_then_substitute_01_06 A06_copy -> C03_reverse_then_substitute_01_06 multiplier=2 seed=2
Saved B1 coupling pilot outputs:
  results/n1_b1_coupling_pilot/b1_coupling_pilot_run_report.md
  results/n1_b1_coupling_pilot/target_outcomes.csv
  results/n1_b1_coupling_pilot/early_coupling_predictors.csv
  results/n1_b1_coupling_pilot/eval_curves.csv
  results/n1_b1_coupling_pilot/acquisition_times.csv
  results/n1_b1_coupling_pilot/run_manifest.json
